2019-11-25 09:01:51.739 INFO  (main) [   ] o.e.j.u.log Logging initialized @3035ms to org.eclipse.jetty.util.log.Slf4jLog
2019-11-25 09:01:52.029 WARN  (main) [   ] o.e.j.x.XmlConfiguration Deprecated method public void org.eclipse.jetty.rewrite.handler.RedirectRegexRule.setReplacement(java.lang.String) in file:///E:/FinalCopy/solr-8.2.0/server/etc/jetty.xml
2019-11-25 09:01:52.155 WARN  (main) [   ] o.e.j.s.AbstractConnector Ignoring deprecated socket close linger time
2019-11-25 09:01:52.156 WARN  (main) [   ] o.e.j.x.XmlConfiguration Deprecated method public void org.eclipse.jetty.server.ServerConnector.setSoLingerTime(int) in file:///E:/FinalCopy/solr-8.2.0/server/etc/jetty-http.xml
2019-11-25 09:01:52.168 INFO  (main) [   ] o.e.j.s.Server jetty-9.4.19.v20190610; built: 2019-06-10T16:30:51.723Z; git: afcf563148970e98786327af5e07c261fda175d3; jvm 1.8.0_221-b11
2019-11-25 09:01:52.206 INFO  (main) [   ] o.e.j.d.p.ScanningAppProvider Deployment monitor [file:///E:/FinalCopy/solr-8.2.0/server/contexts/] at interval 0
2019-11-25 09:01:52.961 INFO  (main) [   ] o.e.j.w.StandardDescriptorProcessor NO JSP Support for /solr, did not find org.apache.jasper.servlet.JspServlet
2019-11-25 09:01:52.977 INFO  (main) [   ] o.e.j.s.session DefaultSessionIdManager workerName=node0
2019-11-25 09:01:52.978 INFO  (main) [   ] o.e.j.s.session No SessionScavenger set, using defaults
2019-11-25 09:01:52.981 INFO  (main) [   ] o.e.j.s.session node0 Scavenging every 660000ms
2019-11-25 09:01:53.083 INFO  (main) [   ] o.a.s.s.SolrDispatchFilter Using logger factory org.apache.logging.slf4j.Log4jLoggerFactory
2019-11-25 09:01:53.091 INFO  (main) [   ] o.a.s.s.SolrDispatchFilter  ___      _       Welcome to Apache Solr™ version 8.2.0
2019-11-25 09:01:53.091 INFO  (main) [   ] o.a.s.s.SolrDispatchFilter / __| ___| |_ _   Starting in standalone mode on port 8983
2019-11-25 09:01:53.091 INFO  (main) [   ] o.a.s.s.SolrDispatchFilter \__ \/ _ \ | '_|  Install dir: E:\FinalCopy\solr-8.2.0
2019-11-25 09:01:53.092 INFO  (main) [   ] o.a.s.s.SolrDispatchFilter |___/\___/_|_|    Start time: 2019-11-25T09:01:53.092Z
2019-11-25 09:01:53.127 INFO  (main) [   ] o.a.s.c.SolrResourceLoader Using system property solr.solr.home: E:\FinalCopy\solr-8.2.0\server\solr
2019-11-25 09:01:53.136 INFO  (main) [   ] o.a.s.c.SolrXmlConfig Loading container configuration from E:\FinalCopy\solr-8.2.0\server\solr\solr.xml
2019-11-25 09:01:53.278 INFO  (main) [   ] o.a.s.c.SolrXmlConfig MBean server found: com.sun.jmx.mbeanserver.JmxMBeanServer@691a7f8f, but no JMX reporters were configured - adding default JMX reporter.
2019-11-25 09:01:53.811 INFO  (main) [   ] o.a.s.h.c.HttpShardHandlerFactory Host whitelist initialized: WhitelistHostChecker [whitelistHosts=null, whitelistHostCheckingEnabled=true]
2019-11-25 09:01:54.327 WARN  (main) [   ] o.e.j.u.s.S.config Trusting all certificates configured for Client@5dd1c9f2[provider=null,keyStore=null,trustStore=null]
2019-11-25 09:01:54.327 WARN  (main) [   ] o.e.j.u.s.S.config No Client EndPointIdentificationAlgorithm configured for Client@5dd1c9f2[provider=null,keyStore=null,trustStore=null]
2019-11-25 09:01:54.475 WARN  (main) [   ] o.e.j.u.s.S.config Trusting all certificates configured for Client@37ddb69a[provider=null,keyStore=null,trustStore=null]
2019-11-25 09:01:54.475 WARN  (main) [   ] o.e.j.u.s.S.config No Client EndPointIdentificationAlgorithm configured for Client@37ddb69a[provider=null,keyStore=null,trustStore=null]
2019-11-25 09:01:54.752 INFO  (main) [   ] o.a.s.c.TransientSolrCoreCacheDefault Allocating transient cache for 2147483647 transient cores
2019-11-25 09:01:54.755 INFO  (main) [   ] o.a.s.h.a.MetricsHistoryHandler No .system collection, keeping metrics history in memory.
2019-11-25 09:01:54.853 INFO  (main) [   ] o.a.s.m.r.SolrJmxReporter JMX monitoring for 'solr.node' (registry 'solr.node') enabled at server: com.sun.jmx.mbeanserver.JmxMBeanServer@691a7f8f
2019-11-25 09:01:54.854 INFO  (main) [   ] o.a.s.m.r.SolrJmxReporter JMX monitoring for 'solr.jvm' (registry 'solr.jvm') enabled at server: com.sun.jmx.mbeanserver.JmxMBeanServer@691a7f8f
2019-11-25 09:01:54.865 INFO  (main) [   ] o.a.s.m.r.SolrJmxReporter JMX monitoring for 'solr.jetty' (registry 'solr.jetty') enabled at server: com.sun.jmx.mbeanserver.JmxMBeanServer@691a7f8f
2019-11-25 09:01:54.925 INFO  (main) [   ] o.a.s.c.CorePropertiesLocator Found 1 core definitions underneath E:\FinalCopy\solr-8.2.0\server\solr
2019-11-25 09:01:54.926 INFO  (main) [   ] o.a.s.c.CorePropertiesLocator Cores are: [Cases]
2019-11-25 09:01:55.003 INFO  (coreLoadExecutor-9-thread-1) [   x:Cases] o.a.s.c.SolrResourceLoader [Cases] Added 61 libs to classloader, from paths: [/E:/FinalCopy/solr-8.2.0/contrib/clustering/lib, /E:/FinalCopy/solr-8.2.0/contrib/extraction/lib, /E:/FinalCopy/solr-8.2.0/contrib/langid/lib, /E:/FinalCopy/solr-8.2.0/contrib/velocity/lib, /E:/FinalCopy/solr-8.2.0/dist]
2019-11-25 09:01:55.877 INFO  (main) [   ] o.e.j.s.h.ContextHandler Started o.e.j.w.WebAppContext@cad498c{/solr,file:///E:/FinalCopy/solr-8.2.0/server/solr-webapp/webapp/,AVAILABLE}{E:\FinalCopy\solr-8.2.0\server/solr-webapp/webapp}
2019-11-25 09:01:55.888 INFO  (main) [   ] o.e.j.s.AbstractConnector Started ServerConnector@489115ef{HTTP/1.1,[http/1.1, h2c]}{0.0.0.0:8983}
2019-11-25 09:01:55.888 INFO  (main) [   ] o.e.j.s.Server Started @7187ms
2019-11-25 09:01:56.233 INFO  (qtp23211803-20) [   ] o.a.s.s.HttpSolrCall [admin] webapp=null path=/admin/info/system params={wt=json} status=0 QTime=115
2019-11-25 09:01:56.474 INFO  (coreLoadExecutor-9-thread-1) [   x:Cases] o.a.s.c.SolrConfig Using Lucene MatchVersion: 8.2.0
2019-11-25 09:01:56.719 INFO  (coreLoadExecutor-9-thread-1) [   x:Cases] o.a.s.s.IndexSchema [Cases] Schema name=default-config
2019-11-25 09:01:57.488 INFO  (coreLoadExecutor-9-thread-1) [   x:Cases] o.a.s.s.IndexSchema Loaded schema default-config/1.6 with uniqueid field CaseID
2019-11-25 09:01:58.014 INFO  (coreLoadExecutor-9-thread-1) [   x:Cases] o.a.s.c.CoreContainer Creating SolrCore 'Cases' using configuration from instancedir E:\FinalCopy\solr-8.2.0\server\solr\Cases, trusted=true
2019-11-25 09:01:58.024 INFO  (coreLoadExecutor-9-thread-1) [   x:Cases] o.a.s.m.r.SolrJmxReporter JMX monitoring for 'solr.core.Cases' (registry 'solr.core.Cases') enabled at server: com.sun.jmx.mbeanserver.JmxMBeanServer@691a7f8f
2019-11-25 09:01:58.053 INFO  (coreLoadExecutor-9-thread-1) [   x:Cases] o.a.s.c.SolrCore [[Cases] ] Opening new SolrCore at [E:\FinalCopy\solr-8.2.0\server\solr\Cases], dataDir=[E:\FinalCopy\solr-8.2.0\server\solr\Cases\data\]
2019-11-25 09:01:58.118 INFO  (coreLoadExecutor-9-thread-1) [   x:Cases] o.a.s.r.XSLTResponseWriter xsltCacheLifetimeSeconds=5
2019-11-25 09:01:58.966 INFO  (coreLoadExecutor-9-thread-1) [   x:Cases] o.a.s.u.UpdateHandler Using UpdateLog implementation: org.apache.solr.update.UpdateLog
2019-11-25 09:01:58.967 INFO  (coreLoadExecutor-9-thread-1) [   x:Cases] o.a.s.u.UpdateLog Initializing UpdateLog: dataDir= defaultSyncLevel=FLUSH numRecordsToKeep=100 maxNumLogsToKeep=10 numVersionBuckets=65536
2019-11-25 09:01:59.039 INFO  (coreLoadExecutor-9-thread-1) [   x:Cases] o.a.s.u.CommitTracker Hard AutoCommit: if uncommitted for 15000ms; 
2019-11-25 09:01:59.039 INFO  (coreLoadExecutor-9-thread-1) [   x:Cases] o.a.s.u.CommitTracker Soft AutoCommit: disabled
2019-11-25 09:01:59.683 INFO  (coreLoadExecutor-9-thread-1) [   x:Cases] o.a.s.s.SolrIndexSearcher Opening [Searcher@25c12dc6[Cases] main]
2019-11-25 09:01:59.698 INFO  (coreLoadExecutor-9-thread-1) [   x:Cases] o.a.s.r.ManagedResourceStorage File-based storage initialized to use dir: E:\FinalCopy\solr-8.2.0\server\solr\Cases\conf
2019-11-25 09:01:59.731 INFO  (coreLoadExecutor-9-thread-1) [   x:Cases] o.a.s.h.c.SpellCheckComponent Initializing spell checkers
2019-11-25 09:01:59.745 INFO  (coreLoadExecutor-9-thread-1) [   x:Cases] o.a.s.s.DirectSolrSpellChecker init: {name=default,field=spellfield,classname=solr.DirectSolrSpellChecker,distanceMeasure=internal,accuracy=0.5,maxEdits=2,minPrefix=1,maxInspections=5,minQueryLength=2,maxQueryFrequency=0.01}
2019-11-25 09:01:59.796 INFO  (coreLoadExecutor-9-thread-1) [   x:Cases] o.a.s.h.c.SpellCheckComponent Registering newSearcher listener for spellchecker: ind
2019-11-25 09:01:59.836 INFO  (coreLoadExecutor-9-thread-1) [   x:Cases] o.a.s.h.ReplicationHandler Commits will be reserved for 10000ms.
2019-11-25 09:01:59.871 INFO  (searcherExecutor-10-thread-1-processing-x:Cases) [   x:Cases] o.a.s.c.QuerySenderListener QuerySenderListener sending requests to Searcher@25c12dc6[Cases] main{ExitableDirectoryReader(UninvertingDirectoryReader(Uninverting(_15p(8.2.0):C11/2:[diagnostics={os=Windows 10, java.version=1.8.0_221, os.arch=amd64, java.runtime.version=1.8.0_221-b11, source=merge, os.version=10.0, java.vendor=Oracle Corporation, java.vm.version=25.221-b11, lucene.version=8.2.0, mergeMaxNumSegments=-1, mergeFactor=10, timestamp=1574508521527}]:[attributes={Lucene50StoredFieldsFormat.mode=BEST_SPEED}]:delGen=2) Uninverting(_15r(8.2.0):C1:[diagnostics={java.vendor=Oracle Corporation, os=Windows 10, java.version=1.8.0_221, java.vm.version=25.221-b11, lucene.version=8.2.0, os.arch=amd64, java.runtime.version=1.8.0_221-b11, source=flush, os.version=10.0, timestamp=1574508522442}]:[attributes={Lucene50StoredFieldsFormat.mode=BEST_SPEED}]) Uninverting(_15t(8.2.0):C1:[diagnostics={java.vendor=Oracle Corporation, os=Windows 10, java.version=1.8.0_221, java.vm.version=25.221-b11, lucene.version=8.2.0, os.arch=amd64, java.runtime.version=1.8.0_221-b11, source=flush, os.version=10.0, timestamp=1574508522987}]:[attributes={Lucene50StoredFieldsFormat.mode=BEST_SPEED}]) Uninverting(_15u(8.2.0):C1:[diagnostics={java.vendor=Oracle Corporation, os=Windows 10, java.version=1.8.0_221, java.vm.version=25.221-b11, lucene.version=8.2.0, os.arch=amd64, java.runtime.version=1.8.0_221-b11, source=flush, os.version=10.0, timestamp=1574508523857}]:[attributes={Lucene50StoredFieldsFormat.mode=BEST_SPEED}]) Uninverting(_15v(8.2.0):C1:[diagnostics={java.vendor=Oracle Corporation, os=Windows 10, java.version=1.8.0_221, java.vm.version=25.221-b11, lucene.version=8.2.0, os.arch=amd64, java.runtime.version=1.8.0_221-b11, source=flush, os.version=10.0, timestamp=1574508524425}]:[attributes={Lucene50StoredFieldsFormat.mode=BEST_SPEED}]) Uninverting(_15w(8.2.0):C1:[diagnostics={java.vendor=Oracle Corporation, os=Windows 10, java.version=1.8.0_221, java.vm.version=25.221-b11, lucene.version=8.2.0, os.arch=amd64, java.runtime.version=1.8.0_221-b11, source=flush, os.version=10.0, timestamp=1574508524773}]:[attributes={Lucene50StoredFieldsFormat.mode=BEST_SPEED}])))}
2019-11-25 09:01:59.871 INFO  (searcherExecutor-10-thread-1-processing-x:Cases) [   x:Cases] o.a.s.c.QuerySenderListener QuerySenderListener done.
2019-11-25 09:01:59.871 INFO  (searcherExecutor-10-thread-1-processing-x:Cases) [   x:Cases] o.a.s.h.c.SpellCheckComponent Loading spell index for spellchecker: default
2019-11-25 09:01:59.871 INFO  (searcherExecutor-10-thread-1-processing-x:Cases) [   x:Cases] o.a.s.h.c.SpellCheckComponent Loading spell index for spellchecker: ind
2019-11-25 09:01:59.889 INFO  (searcherExecutor-10-thread-1-processing-x:Cases) [   x:Cases] o.a.s.h.c.SpellCheckComponent Loading spell index for spellchecker: wordbreak
2019-11-25 09:01:59.896 INFO  (searcherExecutor-10-thread-1-processing-x:Cases) [   x:Cases] o.a.s.c.SolrCore [Cases] Registered new searcher Searcher@25c12dc6[Cases] main{ExitableDirectoryReader(UninvertingDirectoryReader(Uninverting(_15p(8.2.0):C11/2:[diagnostics={os=Windows 10, java.version=1.8.0_221, os.arch=amd64, java.runtime.version=1.8.0_221-b11, source=merge, os.version=10.0, java.vendor=Oracle Corporation, java.vm.version=25.221-b11, lucene.version=8.2.0, mergeMaxNumSegments=-1, mergeFactor=10, timestamp=1574508521527}]:[attributes={Lucene50StoredFieldsFormat.mode=BEST_SPEED}]:delGen=2) Uninverting(_15r(8.2.0):C1:[diagnostics={java.vendor=Oracle Corporation, os=Windows 10, java.version=1.8.0_221, java.vm.version=25.221-b11, lucene.version=8.2.0, os.arch=amd64, java.runtime.version=1.8.0_221-b11, source=flush, os.version=10.0, timestamp=1574508522442}]:[attributes={Lucene50StoredFieldsFormat.mode=BEST_SPEED}]) Uninverting(_15t(8.2.0):C1:[diagnostics={java.vendor=Oracle Corporation, os=Windows 10, java.version=1.8.0_221, java.vm.version=25.221-b11, lucene.version=8.2.0, os.arch=amd64, java.runtime.version=1.8.0_221-b11, source=flush, os.version=10.0, timestamp=1574508522987}]:[attributes={Lucene50StoredFieldsFormat.mode=BEST_SPEED}]) Uninverting(_15u(8.2.0):C1:[diagnostics={java.vendor=Oracle Corporation, os=Windows 10, java.version=1.8.0_221, java.vm.version=25.221-b11, lucene.version=8.2.0, os.arch=amd64, java.runtime.version=1.8.0_221-b11, source=flush, os.version=10.0, timestamp=1574508523857}]:[attributes={Lucene50StoredFieldsFormat.mode=BEST_SPEED}]) Uninverting(_15v(8.2.0):C1:[diagnostics={java.vendor=Oracle Corporation, os=Windows 10, java.version=1.8.0_221, java.vm.version=25.221-b11, lucene.version=8.2.0, os.arch=amd64, java.runtime.version=1.8.0_221-b11, source=flush, os.version=10.0, timestamp=1574508524425}]:[attributes={Lucene50StoredFieldsFormat.mode=BEST_SPEED}]) Uninverting(_15w(8.2.0):C1:[diagnostics={java.vendor=Oracle Corporation, os=Windows 10, java.version=1.8.0_221, java.vm.version=25.221-b11, lucene.version=8.2.0, os.arch=amd64, java.runtime.version=1.8.0_221-b11, source=flush, os.version=10.0, timestamp=1574508524773}]:[attributes={Lucene50StoredFieldsFormat.mode=BEST_SPEED}])))}
2019-11-25 09:02:07.601 INFO  (qtp23211803-21) [   ] o.a.s.s.HttpSolrCall [admin] webapp=null path=/admin/cores params={indexInfo=false&wt=json&_=1574672527426} status=0 QTime=1
2019-11-25 09:02:07.653 INFO  (qtp23211803-17) [   ] o.a.s.s.HttpSolrCall [admin] webapp=null path=/admin/info/system params={wt=json&_=1574672527427} status=0 QTime=50
2019-11-25 09:02:07.704 INFO  (qtp23211803-24) [   ] o.a.s.s.HttpSolrCall [admin] webapp=null path=/admin/info/system params={wt=json&_=1574672527427} status=0 QTime=46
2019-11-25 09:02:15.372 INFO  (qtp23211803-21) [   ] o.a.s.s.HttpSolrCall [admin] webapp=null path=/admin/cores params={indexInfo=false&wt=json&_=1574672527426} status=0 QTime=0
2019-11-25 09:02:15.386 INFO  (qtp23211803-24) [   ] o.a.s.s.HttpSolrCall [admin] webapp=null path=/admin/cores params={wt=json&_=1574672527426} status=0 QTime=8
2019-11-25 09:02:15.420 INFO  (qtp23211803-19) [   ] o.a.s.s.HttpSolrCall [admin] webapp=null path=/admin/info/system params={wt=json&_=1574672527427} status=0 QTime=48
2019-11-25 09:02:15.442 INFO  (qtp23211803-17) [   ] o.a.s.s.HttpSolrCall [admin] webapp=null path=/admin/cores params={indexInfo=false&wt=json&_=1574672527426} status=0 QTime=0
2019-11-25 09:02:15.451 INFO  (qtp23211803-19) [   ] o.a.s.s.HttpSolrCall [admin] webapp=null path=/admin/cores params={wt=json&_=1574672527426} status=0 QTime=3
2019-11-25 09:02:15.481 INFO  (qtp23211803-21) [   ] o.a.s.s.HttpSolrCall [admin] webapp=null path=/admin/info/system params={wt=json&_=1574672527427} status=0 QTime=39
2019-11-25 09:02:17.815 INFO  (qtp23211803-24) [   x:Cases] o.a.s.c.SolrResourceLoader [Cases] Added 61 libs to classloader, from paths: [/E:/FinalCopy/solr-8.2.0/contrib/clustering/lib, /E:/FinalCopy/solr-8.2.0/contrib/extraction/lib, /E:/FinalCopy/solr-8.2.0/contrib/langid/lib, /E:/FinalCopy/solr-8.2.0/contrib/velocity/lib, /E:/FinalCopy/solr-8.2.0/dist]
2019-11-25 09:02:17.843 INFO  (qtp23211803-24) [   x:Cases] o.a.s.c.SolrConfig Using Lucene MatchVersion: 8.2.0
2019-11-25 09:02:17.899 INFO  (qtp23211803-24) [   x:Cases] o.a.s.s.IndexSchema [Cases] Schema name=default-config
2019-11-25 09:02:18.157 INFO  (qtp23211803-24) [   x:Cases] o.a.s.s.IndexSchema Loaded schema default-config/1.6 with uniqueid field CaseID
2019-11-25 09:02:18.214 INFO  (qtp23211803-24) [   x:Cases] o.a.s.c.CoreContainer Reloading SolrCore 'Cases' using configuration from instancedir E:\FinalCopy\solr-8.2.0\server\solr\Cases
2019-11-25 09:02:18.246 INFO  (qtp23211803-24) [   x:Cases] o.a.s.m.r.SolrJmxReporter JMX monitoring for 'solr.core.Cases' (registry 'solr.core.Cases') enabled at server: com.sun.jmx.mbeanserver.JmxMBeanServer@691a7f8f
2019-11-25 09:02:18.246 INFO  (qtp23211803-24) [   x:Cases] o.a.s.c.SolrCore [[Cases] ] Opening new SolrCore at [E:\FinalCopy\solr-8.2.0\server\solr\Cases], dataDir=[E:\FinalCopy\solr-8.2.0\server\solr\Cases\data\]
2019-11-25 09:02:18.255 INFO  (qtp23211803-24) [   x:Cases] o.a.s.r.XSLTResponseWriter xsltCacheLifetimeSeconds=5
2019-11-25 09:02:18.340 INFO  (qtp23211803-24) [   x:Cases] o.a.s.u.CommitTracker Hard AutoCommit: if uncommitted for 15000ms; 
2019-11-25 09:02:18.340 INFO  (qtp23211803-24) [   x:Cases] o.a.s.u.CommitTracker Soft AutoCommit: disabled
2019-11-25 09:02:18.347 INFO  (qtp23211803-24) [   x:Cases] o.a.s.s.SolrIndexSearcher Opening [Searcher@65fa7541[Cases] main]
2019-11-25 09:02:18.348 INFO  (qtp23211803-24) [   x:Cases] o.a.s.r.ManagedResourceStorage File-based storage initialized to use dir: E:\FinalCopy\solr-8.2.0\server\solr\Cases\conf
2019-11-25 09:02:18.348 INFO  (qtp23211803-24) [   x:Cases] o.a.s.h.c.SpellCheckComponent Initializing spell checkers
2019-11-25 09:02:18.349 INFO  (qtp23211803-24) [   x:Cases] o.a.s.s.DirectSolrSpellChecker init: {name=default,field=spellfield,classname=solr.DirectSolrSpellChecker,distanceMeasure=internal,accuracy=0.5,maxEdits=2,minPrefix=1,maxInspections=5,minQueryLength=2,maxQueryFrequency=0.01}
2019-11-25 09:02:18.358 INFO  (qtp23211803-24) [   x:Cases] o.a.s.h.c.SpellCheckComponent Registering newSearcher listener for spellchecker: ind
2019-11-25 09:02:18.360 INFO  (qtp23211803-24) [   x:Cases] o.a.s.h.ReplicationHandler Commits will be reserved for 10000ms.
2019-11-25 09:02:18.368 INFO  (searcherExecutor-15-thread-1-processing-x:Cases) [   x:Cases] o.a.s.c.QuerySenderListener QuerySenderListener sending requests to Searcher@65fa7541[Cases] main{ExitableDirectoryReader(UninvertingDirectoryReader(Uninverting(_15p(8.2.0):C11/2:[diagnostics={os=Windows 10, java.version=1.8.0_221, os.arch=amd64, java.runtime.version=1.8.0_221-b11, source=merge, os.version=10.0, java.vendor=Oracle Corporation, java.vm.version=25.221-b11, lucene.version=8.2.0, mergeMaxNumSegments=-1, mergeFactor=10, timestamp=1574508521527}]:[attributes={Lucene50StoredFieldsFormat.mode=BEST_SPEED}]:delGen=2) Uninverting(_15r(8.2.0):C1:[diagnostics={java.vendor=Oracle Corporation, os=Windows 10, java.version=1.8.0_221, java.vm.version=25.221-b11, lucene.version=8.2.0, os.arch=amd64, java.runtime.version=1.8.0_221-b11, source=flush, os.version=10.0, timestamp=1574508522442}]:[attributes={Lucene50StoredFieldsFormat.mode=BEST_SPEED}]) Uninverting(_15t(8.2.0):C1:[diagnostics={java.vendor=Oracle Corporation, os=Windows 10, java.version=1.8.0_221, java.vm.version=25.221-b11, lucene.version=8.2.0, os.arch=amd64, java.runtime.version=1.8.0_221-b11, source=flush, os.version=10.0, timestamp=1574508522987}]:[attributes={Lucene50StoredFieldsFormat.mode=BEST_SPEED}]) Uninverting(_15u(8.2.0):C1:[diagnostics={java.vendor=Oracle Corporation, os=Windows 10, java.version=1.8.0_221, java.vm.version=25.221-b11, lucene.version=8.2.0, os.arch=amd64, java.runtime.version=1.8.0_221-b11, source=flush, os.version=10.0, timestamp=1574508523857}]:[attributes={Lucene50StoredFieldsFormat.mode=BEST_SPEED}]) Uninverting(_15v(8.2.0):C1:[diagnostics={java.vendor=Oracle Corporation, os=Windows 10, java.version=1.8.0_221, java.vm.version=25.221-b11, lucene.version=8.2.0, os.arch=amd64, java.runtime.version=1.8.0_221-b11, source=flush, os.version=10.0, timestamp=1574508524425}]:[attributes={Lucene50StoredFieldsFormat.mode=BEST_SPEED}]) Uninverting(_15w(8.2.0):C1:[diagnostics={java.vendor=Oracle Corporation, os=Windows 10, java.version=1.8.0_221, java.vm.version=25.221-b11, lucene.version=8.2.0, os.arch=amd64, java.runtime.version=1.8.0_221-b11, source=flush, os.version=10.0, timestamp=1574508524773}]:[attributes={Lucene50StoredFieldsFormat.mode=BEST_SPEED}])))}
2019-11-25 09:02:18.368 INFO  (searcherExecutor-15-thread-1-processing-x:Cases) [   x:Cases] o.a.s.c.QuerySenderListener QuerySenderListener done.
2019-11-25 09:02:18.368 INFO  (searcherExecutor-15-thread-1-processing-x:Cases) [   x:Cases] o.a.s.h.c.SpellCheckComponent Loading spell index for spellchecker: default
2019-11-25 09:02:18.368 INFO  (searcherExecutor-15-thread-1-processing-x:Cases) [   x:Cases] o.a.s.h.c.SpellCheckComponent Loading spell index for spellchecker: ind
2019-11-25 09:02:18.379 INFO  (searcherExecutor-15-thread-1-processing-x:Cases) [   x:Cases] o.a.s.h.c.SpellCheckComponent Loading spell index for spellchecker: wordbreak
2019-11-25 09:02:18.385 INFO  (searcherExecutor-15-thread-1-processing-x:Cases) [   x:Cases] o.a.s.c.SolrCore [Cases] Registered new searcher Searcher@65fa7541[Cases] main{ExitableDirectoryReader(UninvertingDirectoryReader(Uninverting(_15p(8.2.0):C11/2:[diagnostics={os=Windows 10, java.version=1.8.0_221, os.arch=amd64, java.runtime.version=1.8.0_221-b11, source=merge, os.version=10.0, java.vendor=Oracle Corporation, java.vm.version=25.221-b11, lucene.version=8.2.0, mergeMaxNumSegments=-1, mergeFactor=10, timestamp=1574508521527}]:[attributes={Lucene50StoredFieldsFormat.mode=BEST_SPEED}]:delGen=2) Uninverting(_15r(8.2.0):C1:[diagnostics={java.vendor=Oracle Corporation, os=Windows 10, java.version=1.8.0_221, java.vm.version=25.221-b11, lucene.version=8.2.0, os.arch=amd64, java.runtime.version=1.8.0_221-b11, source=flush, os.version=10.0, timestamp=1574508522442}]:[attributes={Lucene50StoredFieldsFormat.mode=BEST_SPEED}]) Uninverting(_15t(8.2.0):C1:[diagnostics={java.vendor=Oracle Corporation, os=Windows 10, java.version=1.8.0_221, java.vm.version=25.221-b11, lucene.version=8.2.0, os.arch=amd64, java.runtime.version=1.8.0_221-b11, source=flush, os.version=10.0, timestamp=1574508522987}]:[attributes={Lucene50StoredFieldsFormat.mode=BEST_SPEED}]) Uninverting(_15u(8.2.0):C1:[diagnostics={java.vendor=Oracle Corporation, os=Windows 10, java.version=1.8.0_221, java.vm.version=25.221-b11, lucene.version=8.2.0, os.arch=amd64, java.runtime.version=1.8.0_221-b11, source=flush, os.version=10.0, timestamp=1574508523857}]:[attributes={Lucene50StoredFieldsFormat.mode=BEST_SPEED}]) Uninverting(_15v(8.2.0):C1:[diagnostics={java.vendor=Oracle Corporation, os=Windows 10, java.version=1.8.0_221, java.vm.version=25.221-b11, lucene.version=8.2.0, os.arch=amd64, java.runtime.version=1.8.0_221-b11, source=flush, os.version=10.0, timestamp=1574508524425}]:[attributes={Lucene50StoredFieldsFormat.mode=BEST_SPEED}]) Uninverting(_15w(8.2.0):C1:[diagnostics={java.vendor=Oracle Corporation, os=Windows 10, java.version=1.8.0_221, java.vm.version=25.221-b11, lucene.version=8.2.0, os.arch=amd64, java.runtime.version=1.8.0_221-b11, source=flush, os.version=10.0, timestamp=1574508524773}]:[attributes={Lucene50StoredFieldsFormat.mode=BEST_SPEED}])))}
2019-11-25 09:02:18.399 INFO  (qtp23211803-24) [   x:Cases] o.a.s.u.DefaultSolrCoreState New IndexWriter is ready to be used.
2019-11-25 09:02:18.437 INFO  (qtp23211803-24) [   x:Cases] o.a.s.s.SolrIndexSearcher Opening [Searcher@268cf9dd[Cases] main]
2019-11-25 09:02:18.440 INFO  (searcherExecutor-15-thread-1-processing-x:Cases) [   x:Cases] o.a.s.c.QuerySenderListener QuerySenderListener sending requests to Searcher@268cf9dd[Cases] main{ExitableDirectoryReader(UninvertingDirectoryReader(Uninverting(_15p(8.2.0):C11/2:[diagnostics={os=Windows 10, java.version=1.8.0_221, os.arch=amd64, java.runtime.version=1.8.0_221-b11, source=merge, os.version=10.0, java.vendor=Oracle Corporation, java.vm.version=25.221-b11, lucene.version=8.2.0, mergeMaxNumSegments=-1, mergeFactor=10, timestamp=1574508521527}]:[attributes={Lucene50StoredFieldsFormat.mode=BEST_SPEED}]:delGen=2) Uninverting(_15r(8.2.0):C1:[diagnostics={java.vendor=Oracle Corporation, os=Windows 10, java.version=1.8.0_221, java.vm.version=25.221-b11, lucene.version=8.2.0, os.arch=amd64, java.runtime.version=1.8.0_221-b11, source=flush, os.version=10.0, timestamp=1574508522442}]:[attributes={Lucene50StoredFieldsFormat.mode=BEST_SPEED}]) Uninverting(_15t(8.2.0):C1:[diagnostics={java.vendor=Oracle Corporation, os=Windows 10, java.version=1.8.0_221, java.vm.version=25.221-b11, lucene.version=8.2.0, os.arch=amd64, java.runtime.version=1.8.0_221-b11, source=flush, os.version=10.0, timestamp=1574508522987}]:[attributes={Lucene50StoredFieldsFormat.mode=BEST_SPEED}]) Uninverting(_15u(8.2.0):C1:[diagnostics={java.vendor=Oracle Corporation, os=Windows 10, java.version=1.8.0_221, java.vm.version=25.221-b11, lucene.version=8.2.0, os.arch=amd64, java.runtime.version=1.8.0_221-b11, source=flush, os.version=10.0, timestamp=1574508523857}]:[attributes={Lucene50StoredFieldsFormat.mode=BEST_SPEED}]) Uninverting(_15v(8.2.0):C1:[diagnostics={java.vendor=Oracle Corporation, os=Windows 10, java.version=1.8.0_221, java.vm.version=25.221-b11, lucene.version=8.2.0, os.arch=amd64, java.runtime.version=1.8.0_221-b11, source=flush, os.version=10.0, timestamp=1574508524425}]:[attributes={Lucene50StoredFieldsFormat.mode=BEST_SPEED}]) Uninverting(_15w(8.2.0):C1:[diagnostics={java.vendor=Oracle Corporation, os=Windows 10, java.version=1.8.0_221, java.vm.version=25.221-b11, lucene.version=8.2.0, os.arch=amd64, java.runtime.version=1.8.0_221-b11, source=flush, os.version=10.0, timestamp=1574508524773}]:[attributes={Lucene50StoredFieldsFormat.mode=BEST_SPEED}])))}
2019-11-25 09:02:18.440 INFO  (searcherExecutor-15-thread-1-processing-x:Cases) [   x:Cases] o.a.s.c.QuerySenderListener QuerySenderListener done.
2019-11-25 09:02:18.440 INFO  (searcherExecutor-15-thread-1-processing-x:Cases) [   x:Cases] o.a.s.h.c.SpellCheckComponent Building spell index for spell checker: ind
2019-11-25 09:02:18.444 INFO  (qtp23211803-24) [   x:Cases] o.a.s.c.SolrCore [Cases]  CLOSING SolrCore org.apache.solr.core.SolrCore@667b14e3
2019-11-25 09:02:18.446 INFO  (qtp23211803-24) [   x:Cases] o.a.s.m.SolrMetricManager Closing metric reporters for registry=solr.core.Cases, tag=667b14e3
2019-11-25 09:02:18.447 INFO  (qtp23211803-24) [   x:Cases] o.a.s.m.r.SolrJmxReporter Closing reporter [org.apache.solr.metrics.reporters.SolrJmxReporter@7545f770: rootName = null, domain = solr.core.Cases, service url = null, agent id = null] for registry solr.core.Cases / com.codahale.metrics.MetricRegistry@35d5fa4d
2019-11-25 09:02:18.460 INFO  (qtp23211803-24) [   x:Cases] o.a.s.s.HttpSolrCall [admin] webapp=null path=/admin/cores params={core=Cases&action=RELOAD&wt=json&_=1574672527426} status=0 QTime=664
2019-11-25 09:02:18.696 INFO  (searcherExecutor-15-thread-1-processing-x:Cases) [   x:Cases] o.a.s.c.SolrCore [Cases] Registered new searcher Searcher@268cf9dd[Cases] main{ExitableDirectoryReader(UninvertingDirectoryReader(Uninverting(_15p(8.2.0):C11/2:[diagnostics={os=Windows 10, java.version=1.8.0_221, os.arch=amd64, java.runtime.version=1.8.0_221-b11, source=merge, os.version=10.0, java.vendor=Oracle Corporation, java.vm.version=25.221-b11, lucene.version=8.2.0, mergeMaxNumSegments=-1, mergeFactor=10, timestamp=1574508521527}]:[attributes={Lucene50StoredFieldsFormat.mode=BEST_SPEED}]:delGen=2) Uninverting(_15r(8.2.0):C1:[diagnostics={java.vendor=Oracle Corporation, os=Windows 10, java.version=1.8.0_221, java.vm.version=25.221-b11, lucene.version=8.2.0, os.arch=amd64, java.runtime.version=1.8.0_221-b11, source=flush, os.version=10.0, timestamp=1574508522442}]:[attributes={Lucene50StoredFieldsFormat.mode=BEST_SPEED}]) Uninverting(_15t(8.2.0):C1:[diagnostics={java.vendor=Oracle Corporation, os=Windows 10, java.version=1.8.0_221, java.vm.version=25.221-b11, lucene.version=8.2.0, os.arch=amd64, java.runtime.version=1.8.0_221-b11, source=flush, os.version=10.0, timestamp=1574508522987}]:[attributes={Lucene50StoredFieldsFormat.mode=BEST_SPEED}]) Uninverting(_15u(8.2.0):C1:[diagnostics={java.vendor=Oracle Corporation, os=Windows 10, java.version=1.8.0_221, java.vm.version=25.221-b11, lucene.version=8.2.0, os.arch=amd64, java.runtime.version=1.8.0_221-b11, source=flush, os.version=10.0, timestamp=1574508523857}]:[attributes={Lucene50StoredFieldsFormat.mode=BEST_SPEED}]) Uninverting(_15v(8.2.0):C1:[diagnostics={java.vendor=Oracle Corporation, os=Windows 10, java.version=1.8.0_221, java.vm.version=25.221-b11, lucene.version=8.2.0, os.arch=amd64, java.runtime.version=1.8.0_221-b11, source=flush, os.version=10.0, timestamp=1574508524425}]:[attributes={Lucene50StoredFieldsFormat.mode=BEST_SPEED}]) Uninverting(_15w(8.2.0):C1:[diagnostics={java.vendor=Oracle Corporation, os=Windows 10, java.version=1.8.0_221, java.vm.version=25.221-b11, lucene.version=8.2.0, os.arch=amd64, java.runtime.version=1.8.0_221-b11, source=flush, os.version=10.0, timestamp=1574508524773}]:[attributes={Lucene50StoredFieldsFormat.mode=BEST_SPEED}])))}
2019-11-25 09:02:19.507 INFO  (qtp23211803-21) [   ] o.a.s.s.HttpSolrCall [admin] webapp=null path=/admin/cores params={indexInfo=false&wt=json&_=1574672527426} status=0 QTime=0
2019-11-25 09:02:19.515 INFO  (qtp23211803-24) [   ] o.a.s.s.HttpSolrCall [admin] webapp=null path=/admin/cores params={wt=json&_=1574672527426} status=0 QTime=4
2019-11-25 09:02:19.556 INFO  (qtp23211803-17) [   ] o.a.s.s.HttpSolrCall [admin] webapp=null path=/admin/info/system params={wt=json&_=1574672527427} status=0 QTime=48
2019-11-25 09:02:22.314 INFO  (qtp23211803-19) [   ] o.a.s.s.HttpSolrCall [admin] webapp=null path=/admin/cores params={indexInfo=false&wt=json&_=1574672527426} status=0 QTime=0
2019-11-25 09:02:22.328 INFO  (qtp23211803-17) [   x:Cases] o.a.s.c.S.Request [Cases]  webapp=/solr path=/admin/luke params={numTerms=0&show=index&wt=json&_=1574672542307} status=0 QTime=6
2019-11-25 09:02:22.330 INFO  (qtp23211803-24) [   x:Cases] o.a.s.c.S.Request [Cases]  webapp=/solr path=/replication params={wt=json&command=details&_=1574672542307} status=0 QTime=7
2019-11-25 09:02:22.347 INFO  (qtp23211803-16) [   x:Cases] o.a.s.c.S.Request [Cases]  webapp=/solr path=/admin/ping params={action=status&wt=json&_=1574672527427&ts=1574672527427} status=503 QTime=3
2019-11-25 09:02:22.416 INFO  (qtp23211803-19) [   x:Cases] o.a.s.c.S.Request [Cases]  webapp=/solr path=/admin/system params={wt=json&_=1574672542307} status=0 QTime=83
2019-11-25 09:02:22.418 INFO  (qtp23211803-21) [   ] o.a.s.s.HttpSolrCall [admin] webapp=null path=/admin/info/system params={wt=json&_=1574672527427} status=0 QTime=102
2019-11-25 09:02:33.288 INFO  (qtp23211803-24) [   ] o.a.s.s.HttpSolrCall [admin] webapp=null path=/admin/cores params={indexInfo=false&wt=json&_=1574672527426} status=0 QTime=0
2019-11-25 09:02:33.325 INFO  (qtp23211803-22) [   ] o.a.s.s.HttpSolrCall [admin] webapp=null path=/admin/info/system params={wt=json&_=1574672527427} status=0 QTime=37
2019-11-25 09:02:58.051 INFO  (qtp23211803-19) [   ] o.a.s.s.HttpSolrCall [admin] webapp=null path=/admin/cores params={indexInfo=false&wt=json&_=1574672527426} status=0 QTime=0
2019-11-25 09:02:58.061 INFO  (qtp23211803-19) [   ] o.a.s.s.HttpSolrCall [admin] webapp=null path=/admin/cores params={wt=json&_=1574672527426} status=0 QTime=3
2019-11-25 09:02:58.101 INFO  (qtp23211803-24) [   ] o.a.s.s.HttpSolrCall [admin] webapp=null path=/admin/info/system params={wt=json&_=1574672527427} status=0 QTime=47
2019-11-25 09:02:58.117 INFO  (qtp23211803-21) [   ] o.a.s.s.HttpSolrCall [admin] webapp=null path=/admin/cores params={indexInfo=false&wt=json&_=1574672527426} status=0 QTime=0
2019-11-25 09:02:58.126 INFO  (qtp23211803-21) [   ] o.a.s.s.HttpSolrCall [admin] webapp=null path=/admin/cores params={wt=json&_=1574672527426} status=0 QTime=3
2019-11-25 09:02:58.162 INFO  (qtp23211803-22) [   ] o.a.s.s.HttpSolrCall [admin] webapp=null path=/admin/info/system params={wt=json&_=1574672527427} status=0 QTime=44
2019-11-25 09:03:00.522 INFO  (qtp23211803-19) [   ] o.a.s.s.HttpSolrCall [admin] webapp=null path=/admin/cores params={indexInfo=false&wt=json&_=1574672527426} status=0 QTime=0
2019-11-25 09:03:00.531 INFO  (qtp23211803-22) [   x:Cases] o.a.s.c.S.Request [Cases]  webapp=/solr path=/replication params={wt=json&command=details&_=1574672542307} status=0 QTime=2
2019-11-25 09:03:00.544 INFO  (qtp23211803-22) [   x:Cases] o.a.s.c.S.Request [Cases]  webapp=/solr path=/admin/ping params={action=status&wt=json&_=1574672527427&ts=1574672527427} status=503 QTime=0
2019-11-25 09:03:00.547 INFO  (qtp23211803-21) [   x:Cases] o.a.s.c.S.Request [Cases]  webapp=/solr path=/admin/luke params={numTerms=0&show=index&wt=json&_=1574672542307} status=0 QTime=3
2019-11-25 09:03:00.607 INFO  (qtp23211803-19) [   x:Cases] o.a.s.c.S.Request [Cases]  webapp=/solr path=/admin/system params={wt=json&_=1574672542307} status=0 QTime=69
2019-11-25 09:03:00.608 INFO  (qtp23211803-24) [   ] o.a.s.s.HttpSolrCall [admin] webapp=null path=/admin/info/system params={wt=json&_=1574672527427} status=0 QTime=85
2019-11-25 09:03:01.625 INFO  (qtp23211803-22) [   ] o.a.s.s.HttpSolrCall [admin] webapp=null path=/admin/cores params={indexInfo=false&wt=json&_=1574672527426} status=0 QTime=0
2019-11-25 09:03:01.633 INFO  (qtp23211803-20) [   x:Cases] o.a.s.c.S.Request [Cases]  webapp=/solr path=/admin/luke params={show=schema&wt=json&_=1574672542307} status=0 QTime=5
2019-11-25 09:03:01.673 INFO  (qtp23211803-21) [   ] o.a.s.s.HttpSolrCall [admin] webapp=null path=/admin/info/system params={wt=json&_=1574672527427} status=0 QTime=47
2019-11-25 09:03:19.030 INFO  (qtp23211803-22) [   ] o.a.s.s.HttpSolrCall [admin] webapp=null path=/admin/cores params={indexInfo=false&wt=json&_=1574672527426} status=0 QTime=0
2019-11-25 09:03:19.037 INFO  (qtp23211803-22) [   x:Cases] o.a.s.c.PluginBag Going to create a new requestHandler with {type = requestHandler,name = /analysis/field,class = solr.FieldAnalysisRequestHandler,attributes = {class=solr.FieldAnalysisRequestHandler, startup=lazy, useParams=_ANALYSIS_FIELD, name=/analysis/field},args = {startup=lazy,useParams=_ANALYSIS_FIELD}} 
2019-11-25 09:03:19.037 INFO  (qtp23211803-19) [   x:Cases] o.a.s.c.S.Request [Cases]  webapp=/solr path=/admin/luke params={show=schema&wt=json&_=1574672542307} status=0 QTime=3
2019-11-25 09:03:19.088 INFO  (qtp23211803-21) [   ] o.a.s.s.HttpSolrCall [admin] webapp=null path=/admin/info/system params={wt=json&_=1574672527427} status=0 QTime=57
2019-11-25 09:03:19.094 INFO  (qtp23211803-22) [   x:Cases] o.a.s.c.S.Request [Cases]  webapp=/solr path=/analysis/field params={analysis.fieldvalue=to+that+of+this&analysis.fieldname=pSearchField&analysis.showmatch=true&verbose_output=1&analysis.query=to+that+of+this&wt=json&_=1574672581618} status=0 QTime=57
